Using pre-set license
Built from '2021.3/staging' branch; Version is '2021.3.26f1 (a16dc32e0ff2) revision 10579395'; Using compiler version '192829333'; Build Type 'Release'
OS: 'Windows 11  (10.0.22631) 64bit Professional' Language: 'ru' Physical Memory: 16320 MB
BatchMode: 1, IsHumanControllingUs: 0, StartBugReporterOnCrash: 0, Is64bit: 1, IsPro: 1

COMMAND LINE ARGUMENTS:
E:\progi\Unity\Unity 2021.3.26f1\Editor\Unity.exe
-adb2
-batchMode
-noUpm
-name
AssetImportWorker0
-projectPath
E:/progi/Git/vibe-village/My project (1)
-logFile
Logs/AssetImportWorker0.log
-srvPort
62594
Successfully changed project path to: E:/progi/Git/vibe-village/My project (1)
E:/progi/Git/vibe-village/My project (1)
[UnityMemory] Configuration Parameters - Can be set up in boot.config
    "memorysetup-bucket-allocator-granularity=16"
    "memorysetup-bucket-allocator-bucket-count=8"
    "memorysetup-bucket-allocator-block-size=33554432"
    "memorysetup-bucket-allocator-block-count=8"
    "memorysetup-main-allocator-block-size=16777216"
    "memorysetup-thread-allocator-block-size=16777216"
    "memorysetup-gfx-main-allocator-block-size=16777216"
    "memorysetup-gfx-thread-allocator-block-size=16777216"
    "memorysetup-cache-allocator-block-size=4194304"
    "memorysetup-typetree-allocator-block-size=2097152"
    "memorysetup-profiler-bucket-allocator-granularity=16"
    "memorysetup-profiler-bucket-allocator-bucket-count=8"
    "memorysetup-profiler-bucket-allocator-block-size=33554432"
    "memorysetup-profiler-bucket-allocator-block-count=8"
    "memorysetup-profiler-allocator-block-size=16777216"
    "memorysetup-profiler-editor-allocator-block-size=1048576"
    "memorysetup-temp-allocator-size-main=16777216"
    "memorysetup-job-temp-allocator-block-size=2097152"
    "memorysetup-job-temp-allocator-block-size-background=1048576"
    "memorysetup-job-temp-allocator-reduction-small-platforms=262144"
    "memorysetup-temp-allocator-size-background-worker=32768"
    "memorysetup-temp-allocator-size-job-worker=262144"
    "memorysetup-temp-allocator-size-preload-manager=33554432"
    "memorysetup-temp-allocator-size-nav-mesh-worker=65536"
    "memorysetup-temp-allocator-size-audio-worker=65536"
    "memorysetup-temp-allocator-size-cloud-worker=32768"
    "memorysetup-temp-allocator-size-gi-baking-worker=262144"
    "memorysetup-temp-allocator-size-gfx=262144"
Player connection [22772] Host "[IP] 192.168.1.104 [Port] 0 [Flags] 2 [Guid] 1134270671 [EditorId] 1134270671 [Version] 1048832 [Id] WindowsEditor(7,KOMPUTER) [Debug] 1 [PackageName] WindowsEditor [ProjectName] Editor" joined multi-casting on [225.0.0.222:54997]...

Player connection [22772] Host "[IP] 192.168.1.104 [Port] 0 [Flags] 2 [Guid] 1134270671 [EditorId] 1134270671 [Version] 1048832 [Id] WindowsEditor(7,KOMPUTER) [Debug] 1 [PackageName] WindowsEditor [ProjectName] Editor" joined alternative multi-casting on [225.0.0.222:34997]...

Refreshing native plugins compatible for Editor in 76.37 ms, found 3 plugins.
Preloading 0 native plugins for Editor in 0.00 ms.
Initialize engine version: 2021.3.26f1 (a16dc32e0ff2)
[Subsystems] Discovering subsystems at path E:/progi/Unity/Unity 2021.3.26f1/Editor/Data/Resources/UnitySubsystems
[Subsystems] Discovering subsystems at path E:/progi/Git/vibe-village/My project (1)/Assets
GfxDevice: creating device client; threaded=0; jobified=0
Direct3D:
    Version:  Direct3D 11.0 [level 11.1]
    Renderer: NVIDIA GeForce GTX 1050 Ti (ID=0x1c82)
    Vendor:   NVIDIA
    VRAM:     4004 MB
    Driver:   32.0.15.6636
Initialize mono
Mono path[0] = 'E:/progi/Unity/Unity 2021.3.26f1/Editor/Data/Managed'
Mono path[1] = 'E:/progi/Unity/Unity 2021.3.26f1/Editor/Data/MonoBleedingEdge/lib/mono/unityjit-win32'
Mono config path = 'E:/progi/Unity/Unity 2021.3.26f1/Editor/Data/MonoBleedingEdge/etc'
Using monoOptions --debugger-agent=transport=dt_socket,embedding=1,server=y,suspend=n,address=127.0.0.1:56676
Begin MonoManager ReloadAssembly
Registering precompiled unity dll's ...
Register platform support module: E:/progi/Unity/Unity 2021.3.26f1/Editor/Data/PlaybackEngines/WindowsStandaloneSupport/UnityEditor.WindowsStandalone.Extensions.dll
Registered in 0.001524 seconds.
Native extension for WindowsStandalone target not found
Refreshing native plugins compatible for Editor in 78.62 ms, found 3 plugins.
Preloading 0 native plugins for Editor in 0.00 ms.
Mono: successfully reloaded assembly
- Completed reload, in  0.646 seconds
Domain Reload Profiling:
	ReloadAssembly (646ms)
		BeginReloadAssembly (72ms)
			ExecutionOrderSort (0ms)
			DisableScriptedObjects (0ms)
			BackupInstance (0ms)
			ReleaseScriptingObjects (0ms)
			CreateAndSetChildDomain (1ms)
		EndReloadAssembly (485ms)
			LoadAssemblies (72ms)
			RebuildTransferFunctionScriptingTraits (0ms)
			SetupTypeCache (126ms)
			ReleaseScriptCaches (0ms)
			RebuildScriptCaches (31ms)
			SetupLoadedEditorAssemblies (274ms)
				LogAssemblyErrors (0ms)
				InitializePlatformSupportModulesInManaged (7ms)
				SetLoadedEditorAssemblies (0ms)
				RefreshPlugins (79ms)
				BeforeProcessingInitializeOnLoad (1ms)
				ProcessInitializeOnLoadAttributes (138ms)
				ProcessInitializeOnLoadMethodAttributes (48ms)
				AfterProcessingInitializeOnLoad (0ms)
				EditorAssembliesLoaded (0ms)
			ExecutionOrderSort2 (0ms)
			AwakeInstancesAfterBackupRestoration (0ms)
Platform modules already initialized, skipping
Registering precompiled user dll's ...
Registered in 0.002279 seconds.
Begin MonoManager ReloadAssembly
Symbol file LoadedFromMemory doesn't match image E:\progi\Git\vibe-village\My project (1)\Library\PackageCache\com.unity.visualscripting@1.8.0\Editor\VisualScripting.Core\Dependencies\YamlDotNet\Unity.VisualScripting.YamlDotNet.dll
Symbol file LoadedFromMemory doesn't match image E:\progi\Git\vibe-village\My project (1)\Library\PackageCache\com.unity.visualscripting@1.8.0\Editor\VisualScripting.Core\Dependencies\DotNetZip\Unity.VisualScripting.IonicZip.dll
Native extension for WindowsStandalone target not found
Refreshing native plugins compatible for Editor in 0.61 ms, found 3 plugins.
Preloading 0 native plugins for Editor in 0.00 ms.
Mono: successfully reloaded assembly
- Completed reload, in  1.013 seconds
Domain Reload Profiling:
	ReloadAssembly (1014ms)
		BeginReloadAssembly (110ms)
			ExecutionOrderSort (0ms)
			DisableScriptedObjects (7ms)
			BackupInstance (0ms)
			ReleaseScriptingObjects (0ms)
			CreateAndSetChildDomain (18ms)
		EndReloadAssembly (803ms)
			LoadAssemblies (71ms)
			RebuildTransferFunctionScriptingTraits (0ms)
			SetupTypeCache (307ms)
			ReleaseScriptCaches (1ms)
			RebuildScriptCaches (53ms)
			SetupLoadedEditorAssemblies (328ms)
				LogAssemblyErrors (0ms)
				InitializePlatformSupportModulesInManaged (5ms)
				SetLoadedEditorAssemblies (1ms)
				RefreshPlugins (1ms)
				BeforeProcessingInitializeOnLoad (74ms)
				ProcessInitializeOnLoadAttributes (224ms)
				ProcessInitializeOnLoadMethodAttributes (22ms)
				AfterProcessingInitializeOnLoad (2ms)
				EditorAssembliesLoaded (0ms)
			ExecutionOrderSort2 (0ms)
			AwakeInstancesAfterBackupRestoration (6ms)
Platform modules already initialized, skipping
========================================================================
Worker process is ready to serve import requests
Launched and connected shader compiler UnityShaderCompiler.exe after 0.04 seconds
Refreshing native plugins compatible for Editor in 0.51 ms, found 3 plugins.
Preloading 0 native plugins for Editor in 0.00 ms.
Unloading 3059 Unused Serialized files (Serialized files now loaded: 0)
Unloading 22 unused Assets / (57.3 KB). Loaded Objects now: 3544.
Memory consumption went from 121.6 MB to 121.6 MB.
Total: 3.759900 ms (FindLiveObjects: 0.238800 ms CreateObjectMapping: 0.157700 ms MarkObjects: 3.241000 ms  DeleteObjects: 0.121400 ms)

AssetImportParameters requested are different than current active one (requested -> active):
  custom:video-decoder-ogg-theora: a1e56fd34408186e4bbccfd4996cb3dc -> 
  custom:container-muxer-webm: aa71ff27fc2769a1b78a27578f13a17b -> 
  custom:container-demuxer-webm: 4f35f7cbe854078d1ac9338744f61a02 -> 
  custom:video-encoder-webm-vp8: eb34c28f22e8b96e1ab97ce403110664 -> 
  custom:video-codec-MediaFoundation-h265: 746d11721c4dcdbdad8f713fa42b33f4 -> 
  custom:audio-encoder-webm-vorbis: bf7c407c2cedff20999df2af8eb42d56 -> 
  custom:framework-win-MediaFoundation: 216162199b28c13a410421893ffa2e32 -> 
  custom:container-demuxer-ogg: 62fdf1f143b41e24485cea50d1cbac27 -> 
  custom:video-decoder-webm-vp8: 9c59270c3fd7afecdb556c50c9e8de78 -> 
  custom:audio-decoder-ogg-vorbis: bf7c407c2cedff20999df2af8eb42d56 -> 
========================================================================
Received Import Request.
  Time since last request: 34934.868068 seconds.
  path: Assets/DownloadedAssets/New Terrain 2.asset
  artifactKey: Guid(929162b08cf24124580ef15cda0b8bf7) Importer(815301076,1909f56bfc062723c751e8b465ee728b)
Start importing Assets/DownloadedAssets/New Terrain 2.asset using Guid(929162b08cf24124580ef15cda0b8bf7) Importer(815301076,1909f56bfc062723c751e8b465ee728b) The tree Tree_04 must use the Nature/Soft Occlusion shader. Otherwise billboarding/lighting will not work correctly.
 -> (artifact id: '6324340ae26d79d618c499b3163dec93') in 0.084191 seconds 
========================================================================
Received Import Request.
  Time since last request: 26.877303 seconds.
  path: Assets/DownloadedAssets/Default URP Assets/ExampleAssets/Materials
  artifactKey: Guid(ffd318dbb37362c4f8d87863d082b2fd) Importer(815301076,1909f56bfc062723c751e8b465ee728b)
Start importing Assets/DownloadedAssets/Default URP Assets/ExampleAssets/Materials using Guid(ffd318dbb37362c4f8d87863d082b2fd) Importer(815301076,1909f56bfc062723c751e8b465ee728b)  -> (artifact id: 'ad6f3d41a292f5b9e20211fd84e2d605') in 0.001417 seconds 
========================================================================
Received Import Request.
  Time since last request: 0.142178 seconds.
  path: Assets/DownloadedAssets/Default URP Assets/ExampleAssets/Materials/ConstructionLight_Mat.mat
  artifactKey: Guid(49076442eeb7e054b8e8869f8b40656d) Importer(815301076,1909f56bfc062723c751e8b465ee728b)
Start importing Assets/DownloadedAssets/Default URP Assets/ExampleAssets/Materials/ConstructionLight_Mat.mat using Guid(49076442eeb7e054b8e8869f8b40656d) Importer(815301076,1909f56bfc062723c751e8b465ee728b)  -> (artifact id: 'c1d7169734b69d75c7211ada7ec6d37f') in 0.055589 seconds 
========================================================================
Received Import Request.
  Time since last request: 0.000013 seconds.
  path: Assets/DownloadedAssets/Default URP Assets/ExampleAssets/Materials/DryWall_Mat.mat
  artifactKey: Guid(a68228c24abfa2f4b8954d7b0148f799) Importer(815301076,1909f56bfc062723c751e8b465ee728b)
Start importing Assets/DownloadedAssets/Default URP Assets/ExampleAssets/Materials/DryWall_Mat.mat using Guid(a68228c24abfa2f4b8954d7b0148f799) Importer(815301076,1909f56bfc062723c751e8b465ee728b)  -> (artifact id: '72e31616168bec7ac6a4b63bb93993ba') in 0.007354 seconds 
========================================================================
Received Import Request.
  Time since last request: 0.000020 seconds.
  path: Assets/DownloadedAssets/Default URP Assets/ExampleAssets/Materials/Strap_Mat.mat
  artifactKey: Guid(81c1860e7800e5340bf8a54c565ba9ea) Importer(815301076,1909f56bfc062723c751e8b465ee728b)
Start importing Assets/DownloadedAssets/Default URP Assets/ExampleAssets/Materials/Strap_Mat.mat using Guid(81c1860e7800e5340bf8a54c565ba9ea) Importer(815301076,1909f56bfc062723c751e8b465ee728b)  -> (artifact id: '450201efb2e6985ebd3e543e83df1b70') in 0.005713 seconds 
========================================================================
Received Import Request.
  Time since last request: 0.000021 seconds.
  path: Assets/DownloadedAssets/Default URP Assets/ExampleAssets/Materials/Plastic_Rough_Mat.mat
  artifactKey: Guid(a5aaee4111611af43b5abbff184fe5fa) Importer(815301076,1909f56bfc062723c751e8b465ee728b)
Start importing Assets/DownloadedAssets/Default URP Assets/ExampleAssets/Materials/Plastic_Rough_Mat.mat using Guid(a5aaee4111611af43b5abbff184fe5fa) Importer(815301076,1909f56bfc062723c751e8b465ee728b)  -> (artifact id: 'dda426f99c5656cb2e905da8e334c711') in 0.006520 seconds 
========================================================================
Received Import Request.
  Time since last request: 0.000018 seconds.
  path: Assets/DownloadedAssets/Default URP Assets/ExampleAssets/Materials/Ground_Mat.mat
  artifactKey: Guid(d92ef32394b5f474385d74b565a7bdd7) Importer(815301076,1909f56bfc062723c751e8b465ee728b)
Start importing Assets/DownloadedAssets/Default URP Assets/ExampleAssets/Materials/Ground_Mat.mat using Guid(d92ef32394b5f474385d74b565a7bdd7) Importer(815301076,1909f56bfc062723c751e8b465ee728b)  -> (artifact id: 'd2158e24d66040552136fc2ead6e77c0') in 0.006965 seconds 
========================================================================
Received Import Request.
  Time since last request: 0.000022 seconds.
  path: Assets/DownloadedAssets/Default URP Assets/ExampleAssets/Materials/Metal_Simple_Mat.mat
  artifactKey: Guid(a0427cf339e5891468d5f2b433b2d44a) Importer(815301076,1909f56bfc062723c751e8b465ee728b)
Start importing Assets/DownloadedAssets/Default URP Assets/ExampleAssets/Materials/Metal_Simple_Mat.mat using Guid(a0427cf339e5891468d5f2b433b2d44a) Importer(815301076,1909f56bfc062723c751e8b465ee728b)  -> (artifact id: '3731f3202623cad0917412cb65abdd17') in 0.006299 seconds 
========================================================================
Received Import Request.
  Time since last request: 0.000023 seconds.
  path: Assets/DownloadedAssets/Default URP Assets/ExampleAssets/Materials/Plastic_Transparent.mat
  artifactKey: Guid(8a38b7350df9a9c438e568993a00e5c5) Importer(815301076,1909f56bfc062723c751e8b465ee728b)
Start importing Assets/DownloadedAssets/Default URP Assets/ExampleAssets/Materials/Plastic_Transparent.mat using Guid(8a38b7350df9a9c438e568993a00e5c5) Importer(815301076,1909f56bfc062723c751e8b465ee728b)  -> (artifact id: '7691deac50fe99d76671e1438513a999') in 0.004559 seconds 
========================================================================
Received Import Request.
  Time since last request: 0.000059 seconds.
  path: Assets/DownloadedAssets/Default URP Assets/ExampleAssets/Materials/Jigsaw_Mat.mat
  artifactKey: Guid(801db2d997a562b4ea333aa4593ce0f0) Importer(815301076,1909f56bfc062723c751e8b465ee728b)
Start importing Assets/DownloadedAssets/Default URP Assets/ExampleAssets/Materials/Jigsaw_Mat.mat using Guid(801db2d997a562b4ea333aa4593ce0f0) Importer(815301076,1909f56bfc062723c751e8b465ee728b)  -> (artifact id: 'b533253de228997e3b99aa9f0d0a948f') in 0.005714 seconds 
========================================================================
Received Import Request.
  Time since last request: 0.000015 seconds.
  path: Assets/DownloadedAssets/Default URP Assets/ExampleAssets/Materials/Hammer_Mat.mat
  artifactKey: Guid(4efcffd7ae23f1e41943fd914b18da10) Importer(815301076,1909f56bfc062723c751e8b465ee728b)
Start importing Assets/DownloadedAssets/Default URP Assets/ExampleAssets/Materials/Hammer_Mat.mat using Guid(4efcffd7ae23f1e41943fd914b18da10) Importer(815301076,1909f56bfc062723c751e8b465ee728b)  -> (artifact id: 'de65e3add5cbabf773442776bc339c5f') in 0.007326 seconds 
========================================================================
Received Import Request.
  Time since last request: 0.000016 seconds.
  path: Assets/DownloadedAssets/Default URP Assets/ExampleAssets/Materials/Plastic_Yellow_Mat.mat
  artifactKey: Guid(bd2d742ee2ce7a740ae0cf992a38be74) Importer(815301076,1909f56bfc062723c751e8b465ee728b)
Start importing Assets/DownloadedAssets/Default URP Assets/ExampleAssets/Materials/Plastic_Yellow_Mat.mat using Guid(bd2d742ee2ce7a740ae0cf992a38be74) Importer(815301076,1909f56bfc062723c751e8b465ee728b)  -> (artifact id: '240609fd1b812e4d7c43adbed06f094d') in 0.005558 seconds 
========================================================================
Received Import Request.
  Time since last request: 0.000020 seconds.
  path: Assets/DownloadedAssets/Default URP Assets/ExampleAssets/Materials/Plastic_Gray_Mat.mat
  artifactKey: Guid(4dad30bbe2213eb4d8312f7bb6190866) Importer(815301076,1909f56bfc062723c751e8b465ee728b)
Start importing Assets/DownloadedAssets/Default URP Assets/ExampleAssets/Materials/Plastic_Gray_Mat.mat using Guid(4dad30bbe2213eb4d8312f7bb6190866) Importer(815301076,1909f56bfc062723c751e8b465ee728b)  -> (artifact id: 'c37dc10e62b93113cb664fd2650eb21a') in 0.006047 seconds 
========================================================================
Received Import Request.
  Time since last request: 0.000018 seconds.
  path: Assets/DownloadedAssets/Default URP Assets/ExampleAssets/Materials/PaintLabel_Mat.mat
  artifactKey: Guid(3da4aad06945bbf4baf801c2aacbc01e) Importer(815301076,1909f56bfc062723c751e8b465ee728b)
Start importing Assets/DownloadedAssets/Default URP Assets/ExampleAssets/Materials/PaintLabel_Mat.mat using Guid(3da4aad06945bbf4baf801c2aacbc01e) Importer(815301076,1909f56bfc062723c751e8b465ee728b)  -> (artifact id: '5472edac6530082d0c1381eaa4eb4d9c') in 0.005941 seconds 
========================================================================
Received Import Request.
  Time since last request: 0.000021 seconds.
  path: Assets/DownloadedAssets/Default URP Assets/ExampleAssets/Materials/LightBulb_Mat.mat
  artifactKey: Guid(ec739259ec61f5d4ba3ed6d34fd802a6) Importer(815301076,1909f56bfc062723c751e8b465ee728b)
Start importing Assets/DownloadedAssets/Default URP Assets/ExampleAssets/Materials/LightBulb_Mat.mat using Guid(ec739259ec61f5d4ba3ed6d34fd802a6) Importer(815301076,1909f56bfc062723c751e8b465ee728b)  -> (artifact id: '0f5f5b018fb6111e6ecc865da16705e6') in 0.004994 seconds 
========================================================================
Received Import Request.
  Time since last request: 0.000017 seconds.
  path: Assets/DownloadedAssets/Default URP Assets/ExampleAssets/Materials/HardHat_Mat.mat
  artifactKey: Guid(e93789f0a5d66df4a81613935579642b) Importer(815301076,1909f56bfc062723c751e8b465ee728b)
Start importing Assets/DownloadedAssets/Default URP Assets/ExampleAssets/Materials/HardHat_Mat.mat using Guid(e93789f0a5d66df4a81613935579642b) Importer(815301076,1909f56bfc062723c751e8b465ee728b)  -> (artifact id: 'fef45d59ca47a2488343597666b310de') in 0.005712 seconds 
========================================================================
Received Import Request.
  Time since last request: 0.000018 seconds.
  path: Assets/DownloadedAssets/Default URP Assets/ExampleAssets/Materials/Plastic_Black_Mat.mat
  artifactKey: Guid(e745492728544aa488aa0429b6068e71) Importer(815301076,1909f56bfc062723c751e8b465ee728b)
Start importing Assets/DownloadedAssets/Default URP Assets/ExampleAssets/Materials/Plastic_Black_Mat.mat using Guid(e745492728544aa488aa0429b6068e71) Importer(815301076,1909f56bfc062723c751e8b465ee728b)  -> (artifact id: '791bb3c68b7e36397201e90290cb4bf2') in 0.005307 seconds 
========================================================================
Received Import Request.
  Time since last request: 0.000023 seconds.
  path: Assets/DownloadedAssets/Default URP Assets/ExampleAssets/Materials/DryWallPainted_Mat.mat
  artifactKey: Guid(9b8eadc4de0544646b75ddcc43f8fd06) Importer(815301076,1909f56bfc062723c751e8b465ee728b)
Start importing Assets/DownloadedAssets/Default URP Assets/ExampleAssets/Materials/DryWallPainted_Mat.mat using Guid(9b8eadc4de0544646b75ddcc43f8fd06) Importer(815301076,1909f56bfc062723c751e8b465ee728b)  -> (artifact id: 'edf73fcd51233190f3be756cf43dc345') in 0.005133 seconds 
========================================================================
Received Import Request.
  Time since last request: 0.000015 seconds.
  path: Assets/DownloadedAssets/Default URP Assets/ExampleAssets/Materials/Plastic_Ridges_Mat.mat
  artifactKey: Guid(c05de7c865075334786e6a47a543af72) Importer(815301076,1909f56bfc062723c751e8b465ee728b)
Start importing Assets/DownloadedAssets/Default URP Assets/ExampleAssets/Materials/Plastic_Ridges_Mat.mat using Guid(c05de7c865075334786e6a47a543af72) Importer(815301076,1909f56bfc062723c751e8b465ee728b)  -> (artifact id: '4d844f55caaa8469b5133c342f871465') in 0.005842 seconds 
========================================================================
Received Import Request.
  Time since last request: 0.000017 seconds.
  path: Assets/DownloadedAssets/Default URP Assets/ExampleAssets/Materials/Metal_Blue_Simple_Mat.mat
  artifactKey: Guid(cd71291c91c8cce499cb663b5db9970e) Importer(815301076,1909f56bfc062723c751e8b465ee728b)
Start importing Assets/DownloadedAssets/Default URP Assets/ExampleAssets/Materials/Metal_Blue_Simple_Mat.mat using Guid(cd71291c91c8cce499cb663b5db9970e) Importer(815301076,1909f56bfc062723c751e8b465ee728b)  -> (artifact id: '3263462efef68408daf5de3029653627') in 0.005422 seconds 
========================================================================
Received Import Request.
  Time since last request: 0.000019 seconds.
  path: Assets/DownloadedAssets/Default URP Assets/ExampleAssets/Materials/Paint1G_WAnim_Material.mat
  artifactKey: Guid(55c183dc45153be48a45c4e530127fb3) Importer(815301076,1909f56bfc062723c751e8b465ee728b)
Start importing Assets/DownloadedAssets/Default URP Assets/ExampleAssets/Materials/Paint1G_WAnim_Material.mat using Guid(55c183dc45153be48a45c4e530127fb3) Importer(815301076,1909f56bfc062723c751e8b465ee728b)  -> (artifact id: 'c10a7f2b8ab7958c92f441edf3cb7c39') in 0.005691 seconds 
========================================================================
Received Import Request.
  Time since last request: 0.000019 seconds.
  path: Assets/DownloadedAssets/Default URP Assets/ExampleAssets/Materials/Plastic_White_Mat.mat
  artifactKey: Guid(6cfe423139c361a459da7ed9831d4b1c) Importer(815301076,1909f56bfc062723c751e8b465ee728b)
Start importing Assets/DownloadedAssets/Default URP Assets/ExampleAssets/Materials/Plastic_White_Mat.mat using Guid(6cfe423139c361a459da7ed9831d4b1c) Importer(815301076,1909f56bfc062723c751e8b465ee728b)  -> (artifact id: 'acaf5675d9c4be31d09606e2c0de895f') in 0.005615 seconds 
========================================================================
Received Import Request.
  Time since last request: 0.000016 seconds.
  path: Assets/DownloadedAssets/Default URP Assets/ExampleAssets/Materials/Liquid_Mat.mat
  artifactKey: Guid(c532880e607f8c84d8b9bf0c46a522ad) Importer(815301076,1909f56bfc062723c751e8b465ee728b)
Start importing Assets/DownloadedAssets/Default URP Assets/ExampleAssets/Materials/Liquid_Mat.mat using Guid(c532880e607f8c84d8b9bf0c46a522ad) Importer(815301076,1909f56bfc062723c751e8b465ee728b)  -> (artifact id: '468677381c6cbdcb447f97293f5f1620') in 0.004812 seconds 
========================================================================
Received Import Request.
  Time since last request: 0.000061 seconds.
  path: Assets/DownloadedAssets/Default URP Assets/ExampleAssets/Materials/OBS_Mat.mat
  artifactKey: Guid(c438e5c679f1be040a135443008e2fce) Importer(815301076,1909f56bfc062723c751e8b465ee728b)
Start importing Assets/DownloadedAssets/Default URP Assets/ExampleAssets/Materials/OBS_Mat.mat using Guid(c438e5c679f1be040a135443008e2fce) Importer(815301076,1909f56bfc062723c751e8b465ee728b)  -> (artifact id: 'fb1faae6636d848b0a3ef5af806c083a') in 0.005406 seconds 
========================================================================
Received Import Request.
  Time since last request: 0.000016 seconds.
  path: Assets/DownloadedAssets/Default URP Assets/ExampleAssets/Materials/PaintBrush_Mat.mat
  artifactKey: Guid(539165557a9d3744680bb21164bea45e) Importer(815301076,1909f56bfc062723c751e8b465ee728b)
Start importing Assets/DownloadedAssets/Default URP Assets/ExampleAssets/Materials/PaintBrush_Mat.mat using Guid(539165557a9d3744680bb21164bea45e) Importer(815301076,1909f56bfc062723c751e8b465ee728b)  -> (artifact id: 'e855a3f83fe3382ffa742187229de4cb') in 0.010145 seconds 
========================================================================
Received Import Request.
  Time since last request: 0.000017 seconds.
  path: Assets/DownloadedAssets/Default URP Assets/ExampleAssets/Materials/Stud_Mat.mat
  artifactKey: Guid(027cb3d3d7dc79d41ad763e01759de07) Importer(815301076,1909f56bfc062723c751e8b465ee728b)
Start importing Assets/DownloadedAssets/Default URP Assets/ExampleAssets/Materials/Stud_Mat.mat using Guid(027cb3d3d7dc79d41ad763e01759de07) Importer(815301076,1909f56bfc062723c751e8b465ee728b)  -> (artifact id: 'a4f30445db9c9ad2a9f4601d1528d87d') in 0.005970 seconds 
========================================================================
Received Prepare
Registering precompiled user dll's ...
Registered in 0.001961 seconds.
Begin MonoManager ReloadAssembly
Symbol file LoadedFromMemory doesn't match image E:\progi\Git\vibe-village\My project (1)\Library\PackageCache\com.unity.visualscripting@1.8.0\Editor\VisualScripting.Core\Dependencies\YamlDotNet\Unity.VisualScripting.YamlDotNet.dll
Symbol file LoadedFromMemory doesn't match image E:\progi\Git\vibe-village\My project (1)\Library\PackageCache\com.unity.visualscripting@1.8.0\Editor\VisualScripting.Core\Dependencies\DotNetZip\Unity.VisualScripting.IonicZip.dll
Native extension for WindowsStandalone target not found
Refreshing native plugins compatible for Editor in 0.78 ms, found 3 plugins.
Preloading 0 native plugins for Editor in 0.00 ms.
Mono: successfully reloaded assembly
- Completed reload, in  0.935 seconds
Domain Reload Profiling:
	ReloadAssembly (936ms)
		BeginReloadAssembly (124ms)
			ExecutionOrderSort (0ms)
			DisableScriptedObjects (5ms)
			BackupInstance (0ms)
			ReleaseScriptingObjects (0ms)
			CreateAndSetChildDomain (31ms)
		EndReloadAssembly (724ms)
			LoadAssemblies (72ms)
			RebuildTransferFunctionScriptingTraits (0ms)
			SetupTypeCache (281ms)
			ReleaseScriptCaches (1ms)
			RebuildScriptCaches (41ms)
			SetupLoadedEditorAssemblies (285ms)
				LogAssemblyErrors (0ms)
				InitializePlatformSupportModulesInManaged (5ms)
				SetLoadedEditorAssemblies (1ms)
				RefreshPlugins (1ms)
				BeforeProcessingInitializeOnLoad (59ms)
				ProcessInitializeOnLoadAttributes (197ms)
				ProcessInitializeOnLoadMethodAttributes (20ms)
				AfterProcessingInitializeOnLoad (2ms)
				EditorAssembliesLoaded (0ms)
			ExecutionOrderSort2 (0ms)
			AwakeInstancesAfterBackupRestoration (6ms)
Platform modules already initialized, skipping
Refreshing native plugins compatible for Editor in 1.16 ms, found 3 plugins.
Preloading 0 native plugins for Editor in 0.00 ms.
Unloading 3047 Unused Serialized files (Serialized files now loaded: 0)
Unloading 17 unused Assets / (24.6 KB). Loaded Objects now: 3588.
Memory consumption went from 125.8 MB to 125.8 MB.
Total: 2.747300 ms (FindLiveObjects: 0.220100 ms CreateObjectMapping: 0.121800 ms MarkObjects: 2.381800 ms  DeleteObjects: 0.022800 ms)

AssetImportParameters requested are different than current active one (requested -> active):
  custom:video-decoder-ogg-theora: a1e56fd34408186e4bbccfd4996cb3dc -> 
  custom:container-muxer-webm: aa71ff27fc2769a1b78a27578f13a17b -> 
  custom:container-demuxer-webm: 4f35f7cbe854078d1ac9338744f61a02 -> 
  custom:video-encoder-webm-vp8: eb34c28f22e8b96e1ab97ce403110664 -> 
  custom:video-codec-MediaFoundation-h265: 746d11721c4dcdbdad8f713fa42b33f4 -> 
  custom:audio-encoder-webm-vorbis: bf7c407c2cedff20999df2af8eb42d56 -> 
  custom:framework-win-MediaFoundation: 216162199b28c13a410421893ffa2e32 -> 
  custom:container-demuxer-ogg: 62fdf1f143b41e24485cea50d1cbac27 -> 
  custom:video-decoder-webm-vp8: 9c59270c3fd7afecdb556c50c9e8de78 -> 
  custom:audio-decoder-ogg-vorbis: bf7c407c2cedff20999df2af8eb42d56 -> 
========================================================================
Received Import Request.
  Time since last request: 43.730220 seconds.
  path: Assets/DownloadedAssets/MedievalTownExteriors/Particles
  artifactKey: Guid(0c909bc74f5580b47b32a71e5220bd1f) Importer(815301076,1909f56bfc062723c751e8b465ee728b)
Start importing Assets/DownloadedAssets/MedievalTownExteriors/Particles using Guid(0c909bc74f5580b47b32a71e5220bd1f) Importer(815301076,1909f56bfc062723c751e8b465ee728b)  -> (artifact id: 'a16fa62601b3cce68bea9cacc220aa29') in 0.005543 seconds 
========================================================================
Received Import Request.
  Time since last request: 0.854579 seconds.
  path: Assets/DownloadedAssets/MedievalTownExteriors/Prefabs
  artifactKey: Guid(b9e409b6dbc6b8d4eb412e0f7e8c0be4) Importer(815301076,1909f56bfc062723c751e8b465ee728b)
Start importing Assets/DownloadedAssets/MedievalTownExteriors/Prefabs using Guid(b9e409b6dbc6b8d4eb412e0f7e8c0be4) Importer(815301076,1909f56bfc062723c751e8b465ee728b)  -> (artifact id: '3ff88fa54a1c594c28f655aec85c90c5') in 0.001414 seconds 
========================================================================
Received Import Request.
  Time since last request: 0.070210 seconds.
  path: Assets/DownloadedAssets/MedievalTownExteriors/Prefabs/Barrel.prefab
  artifactKey: Guid(28f91da9598e39e419f3030684719fcc) Importer(815301076,1909f56bfc062723c751e8b465ee728b)
Start importing Assets/DownloadedAssets/MedievalTownExteriors/Prefabs/Barrel.prefab using Guid(28f91da9598e39e419f3030684719fcc) Importer(815301076,1909f56bfc062723c751e8b465ee728b)  -> (artifact id: '0f35846830ab334e0dcea081bd2ca192') in 0.051749 seconds 
========================================================================
Received Import Request.
  Time since last request: 0.000014 seconds.
  path: Assets/DownloadedAssets/MedievalTownExteriors/Prefabs/Logs_a.prefab
  artifactKey: Guid(1302c983138d8344f81486021c92aa98) Importer(815301076,1909f56bfc062723c751e8b465ee728b)
Start importing Assets/DownloadedAssets/MedievalTownExteriors/Prefabs/Logs_a.prefab using Guid(1302c983138d8344f81486021c92aa98) Importer(815301076,1909f56bfc062723c751e8b465ee728b)  -> (artifact id: 'cf9be3d586e5a097b7d13a1a0c4bac20') in 0.006259 seconds 
========================================================================
Received Import Request.
  Time since last request: 0.000019 seconds.
  path: Assets/DownloadedAssets/MedievalTownExteriors/Prefabs/Mushroom_d.prefab
  artifactKey: Guid(e9b889a47768c4c428cc8649f15f67b4) Importer(815301076,1909f56bfc062723c751e8b465ee728b)
Start importing Assets/DownloadedAssets/MedievalTownExteriors/Prefabs/Mushroom_d.prefab using Guid(e9b889a47768c4c428cc8649f15f67b4) Importer(815301076,1909f56bfc062723c751e8b465ee728b)  -> (artifact id: '4b6a7cf4410a426e02fd3a8ecfae9144') in 0.005310 seconds 
========================================================================
Received Import Request.
  Time since last request: 0.000018 seconds.
  path: Assets/DownloadedAssets/MedievalTownExteriors/Prefabs/Building_b.prefab
  artifactKey: Guid(2cfb651bea8d26240aa4aa462de9d69f) Importer(815301076,1909f56bfc062723c751e8b465ee728b)
Start importing Assets/DownloadedAssets/MedievalTownExteriors/Prefabs/Building_b.prefab using Guid(2cfb651bea8d26240aa4aa462de9d69f) Importer(815301076,1909f56bfc062723c751e8b465ee728b)  -> (artifact id: '883176dfb0f4a7241fc8b482155d597f') in 0.006895 seconds 
========================================================================
Received Import Request.
  Time since last request: 0.000017 seconds.
  path: Assets/DownloadedAssets/MedievalTownExteriors/Prefabs/Building_d.prefab
  artifactKey: Guid(60a80932f15a9b5428719cf63049a198) Importer(815301076,1909f56bfc062723c751e8b465ee728b)
Start importing Assets/DownloadedAssets/MedievalTownExteriors/Prefabs/Building_d.prefab using Guid(60a80932f15a9b5428719cf63049a198) Importer(815301076,1909f56bfc062723c751e8b465ee728b)  -> (artifact id: '00fde06d33289b4e2cc158724f9d2d0a') in 0.005947 seconds 
========================================================================
Received Import Request.
  Time since last request: 0.000022 seconds.
  path: Assets/DownloadedAssets/MedievalTownExteriors/Prefabs/Hay_d.prefab
  artifactKey: Guid(056578f2a60aa3f47a4459fdb1c7241c) Importer(815301076,1909f56bfc062723c751e8b465ee728b)
Start importing Assets/DownloadedAssets/MedievalTownExteriors/Prefabs/Hay_d.prefab using Guid(056578f2a60aa3f47a4459fdb1c7241c) Importer(815301076,1909f56bfc062723c751e8b465ee728b)  -> (artifact id: 'f848fe1e05ab8ebeb9328af769cf7f67') in 0.005710 seconds 
========================================================================
Received Import Request.
  Time since last request: 0.000015 seconds.
  path: Assets/DownloadedAssets/MedievalTownExteriors/Prefabs/Fence_b.prefab
  artifactKey: Guid(75450dad01decb44b867e81c5a1fd604) Importer(815301076,1909f56bfc062723c751e8b465ee728b)
Start importing Assets/DownloadedAssets/MedievalTownExteriors/Prefabs/Fence_b.prefab using Guid(75450dad01decb44b867e81c5a1fd604) Importer(815301076,1909f56bfc062723c751e8b465ee728b)  -> (artifact id: 'b086fbf02c2814c30ef5221134ce6d3a') in 0.005732 seconds 
========================================================================
Received Import Request.
  Time since last request: 0.000018 seconds.
  path: Assets/DownloadedAssets/MedievalTownExteriors/Prefabs/Mushroom_b.prefab
  artifactKey: Guid(ae446b6954a0f884abadb75f6f8c3098) Importer(815301076,1909f56bfc062723c751e8b465ee728b)
Start importing Assets/DownloadedAssets/MedievalTownExteriors/Prefabs/Mushroom_b.prefab using Guid(ae446b6954a0f884abadb75f6f8c3098) Importer(815301076,1909f56bfc062723c751e8b465ee728b)  -> (artifact id: '0a6dc5d53dbdee4a0a008cc29773ceaf') in 0.005863 seconds 
========================================================================
Received Import Request.
  Time since last request: 0.000021 seconds.
  path: Assets/DownloadedAssets/MedievalTownExteriors/Prefabs/Food_a.prefab
  artifactKey: Guid(476ff10f814027049bac68615b745867) Importer(815301076,1909f56bfc062723c751e8b465ee728b)
Start importing Assets/DownloadedAssets/MedievalTownExteriors/Prefabs/Food_a.prefab using Guid(476ff10f814027049bac68615b745867) Importer(815301076,1909f56bfc062723c751e8b465ee728b)  -> (artifact id: 'e7cb5905ad0af504bf875bc807dc5de0') in 0.005779 seconds 
========================================================================
Received Import Request.
  Time since last request: 0.000023 seconds.
  path: Assets/DownloadedAssets/MedievalTownExteriors/Prefabs/Sack_a.prefab
  artifactKey: Guid(96af99dc9638b2040ad65b33d80e5ec7) Importer(815301076,1909f56bfc062723c751e8b465ee728b)
Start importing Assets/DownloadedAssets/MedievalTownExteriors/Prefabs/Sack_a.prefab using Guid(96af99dc9638b2040ad65b33d80e5ec7) Importer(815301076,1909f56bfc062723c751e8b465ee728b)  -> (artifact id: '6f6f17c9f24d6190a1595c96a9ce76dd') in 0.009187 seconds 
========================================================================
Received Import Request.
  Time since last request: 0.000016 seconds.
  path: Assets/DownloadedAssets/MedievalTownExteriors/Prefabs/Building_f.prefab
  artifactKey: Guid(1e44e02e77bb6764c97f423cc75574da) Importer(815301076,1909f56bfc062723c751e8b465ee728b)
Start importing Assets/DownloadedAssets/MedievalTownExteriors/Prefabs/Building_f.prefab using Guid(1e44e02e77bb6764c97f423cc75574da) Importer(815301076,1909f56bfc062723c751e8b465ee728b)  -> (artifact id: '907ae312658c651b4070d0cc25682c1a') in 0.005593 seconds 
========================================================================
Received Import Request.
  Time since last request: 0.000021 seconds.
  path: Assets/DownloadedAssets/MedievalTownExteriors/Prefabs/Mushroom_c.prefab
  artifactKey: Guid(b4c76366100be8d47aaca26006e1e7d5) Importer(815301076,1909f56bfc062723c751e8b465ee728b)
Start importing Assets/DownloadedAssets/MedievalTownExteriors/Prefabs/Mushroom_c.prefab using Guid(b4c76366100be8d47aaca26006e1e7d5) Importer(815301076,1909f56bfc062723c751e8b465ee728b)  -> (artifact id: 'd48b43013ed1e4a00ce27634202d2260') in 0.005602 seconds 
========================================================================
Received Import Request.
  Time since last request: 0.000016 seconds.
  path: Assets/DownloadedAssets/MedievalTownExteriors/Prefabs/Mushroom_a.prefab
  artifactKey: Guid(161bd54067fc8bc48992806fb7c4fe3b) Importer(815301076,1909f56bfc062723c751e8b465ee728b)
Start importing Assets/DownloadedAssets/MedievalTownExteriors/Prefabs/Mushroom_a.prefab using Guid(161bd54067fc8bc48992806fb7c4fe3b) Importer(815301076,1909f56bfc062723c751e8b465ee728b)  -> (artifact id: '00eba10391616d7951adc2185832aee2') in 0.006209 seconds 
========================================================================
Received Import Request.
  Time since last request: 0.000020 seconds.
  path: Assets/DownloadedAssets/MedievalTownExteriors/Prefabs/Building_a.prefab
  artifactKey: Guid(5953515103f4b3c4dbd003cda1894775) Importer(815301076,1909f56bfc062723c751e8b465ee728b)
Start importing Assets/DownloadedAssets/MedievalTownExteriors/Prefabs/Building_a.prefab using Guid(5953515103f4b3c4dbd003cda1894775) Importer(815301076,1909f56bfc062723c751e8b465ee728b)  -> (artifact id: '560f88e6ea13bfe946c28a459e606ca8') in 0.005773 seconds 
========================================================================
Received Import Request.
  Time since last request: 0.000026 seconds.
  path: Assets/DownloadedAssets/MedievalTownExteriors/Prefabs/Sack_b.prefab
  artifactKey: Guid(6fd54acd041ece64482dd792ac729572) Importer(815301076,1909f56bfc062723c751e8b465ee728b)
Start importing Assets/DownloadedAssets/MedievalTownExteriors/Prefabs/Sack_b.prefab using Guid(6fd54acd041ece64482dd792ac729572) Importer(815301076,1909f56bfc062723c751e8b465ee728b)  -> (artifact id: 'd1cabe9e70f5e27e2b19f760aa42bfb4') in 0.006968 seconds 
========================================================================
Received Import Request.
  Time since last request: 0.000041 seconds.
  path: Assets/DownloadedAssets/MedievalTownExteriors/Prefabs/Sign_c.prefab
  artifactKey: Guid(21919ccc92a1bc445a9e67167e6ad9bd) Importer(815301076,1909f56bfc062723c751e8b465ee728b)
Start importing Assets/DownloadedAssets/MedievalTownExteriors/Prefabs/Sign_c.prefab using Guid(21919ccc92a1bc445a9e67167e6ad9bd) Importer(815301076,1909f56bfc062723c751e8b465ee728b)  -> (artifact id: '1b8f28ec7a6032139c1feebb60cb97ad') in 0.006121 seconds 
========================================================================
Received Import Request.
  Time since last request: 0.000022 seconds.
  path: Assets/DownloadedAssets/MedievalTownExteriors/Prefabs/Hay_b.prefab
  artifactKey: Guid(2f1d35023a410684195ebaff92d15273) Importer(815301076,1909f56bfc062723c751e8b465ee728b)
Start importing Assets/DownloadedAssets/MedievalTownExteriors/Prefabs/Hay_b.prefab using Guid(2f1d35023a410684195ebaff92d15273) Importer(815301076,1909f56bfc062723c751e8b465ee728b)  -> (artifact id: 'f05e337475b31cf4861b2d1c1116d0c5') in 0.005577 seconds 
========================================================================
Received Import Request.
  Time since last request: 0.000017 seconds.
  path: Assets/DownloadedAssets/MedievalTownExteriors/Prefabs/Hay_c.prefab
  artifactKey: Guid(923ec327cbb4a4545af1dcb073589c9d) Importer(815301076,1909f56bfc062723c751e8b465ee728b)
Start importing Assets/DownloadedAssets/MedievalTownExteriors/Prefabs/Hay_c.prefab using Guid(923ec327cbb4a4545af1dcb073589c9d) Importer(815301076,1909f56bfc062723c751e8b465ee728b)  -> (artifact id: '85ce0463149726066ed9409d5ec0fae7') in 0.006551 seconds 
========================================================================
Received Import Request.
  Time since last request: 0.000017 seconds.
  path: Assets/DownloadedAssets/MedievalTownExteriors/Prefabs/Rock_f.prefab
  artifactKey: Guid(2cf3a9094991ef243837305525536bc1) Importer(815301076,1909f56bfc062723c751e8b465ee728b)
Start importing Assets/DownloadedAssets/MedievalTownExteriors/Prefabs/Rock_f.prefab using Guid(2cf3a9094991ef243837305525536bc1) Importer(815301076,1909f56bfc062723c751e8b465ee728b)  -> (artifact id: 'becfecf6d1cfe5a908fa1a71b1311925') in 0.005977 seconds 
========================================================================
Received Import Request.
  Time since last request: 0.000018 seconds.
  path: Assets/DownloadedAssets/MedievalTownExteriors/Prefabs/Hay_a.prefab
  artifactKey: Guid(d2455836f34483a42b6613a8fc03a747) Importer(815301076,1909f56bfc062723c751e8b465ee728b)
Start importing Assets/DownloadedAssets/MedievalTownExteriors/Prefabs/Hay_a.prefab using Guid(d2455836f34483a42b6613a8fc03a747) Importer(815301076,1909f56bfc062723c751e8b465ee728b)  -> (artifact id: '675154c072174a558c29a9388144f32d') in 0.005730 seconds 
========================================================================
Received Import Request.
  Time since last request: 0.000015 seconds.
  path: Assets/DownloadedAssets/MedievalTownExteriors/Prefabs/Well.prefab
  artifactKey: Guid(5a318dfcecda8d840adfe5cb4233410d) Importer(815301076,1909f56bfc062723c751e8b465ee728b)
Start importing Assets/DownloadedAssets/MedievalTownExteriors/Prefabs/Well.prefab using Guid(5a318dfcecda8d840adfe5cb4233410d) Importer(815301076,1909f56bfc062723c751e8b465ee728b)  -> (artifact id: '4cd80775f31860588733d913edd8fcd9') in 0.005572 seconds 
========================================================================
Received Import Request.
  Time since last request: 0.000021 seconds.
  path: Assets/DownloadedAssets/MedievalTownExteriors/Prefabs/Cart_a.prefab
  artifactKey: Guid(75d66a9f0f71d1749afc782d07c7ea30) Importer(815301076,1909f56bfc062723c751e8b465ee728b)
Start importing Assets/DownloadedAssets/MedievalTownExteriors/Prefabs/Cart_a.prefab using Guid(75d66a9f0f71d1749afc782d07c7ea30) Importer(815301076,1909f56bfc062723c751e8b465ee728b)  -> (artifact id: '53582de0fe2694732c26657a0e6ff193') in 0.008761 seconds 
========================================================================
Received Import Request.
  Time since last request: 0.000018 seconds.
  path: Assets/DownloadedAssets/MedievalTownExteriors/Prefabs/Fence_c.prefab
  artifactKey: Guid(b2e876bb6e0ba0a42b628002c60efe3b) Importer(815301076,1909f56bfc062723c751e8b465ee728b)
Start importing Assets/DownloadedAssets/MedievalTownExteriors/Prefabs/Fence_c.prefab using Guid(b2e876bb6e0ba0a42b628002c60efe3b) Importer(815301076,1909f56bfc062723c751e8b465ee728b)  -> (artifact id: 'c690fe066a2690dc5414ff6e11778258') in 0.005556 seconds 
========================================================================
Received Import Request.
  Time since last request: 0.000017 seconds.
  path: Assets/DownloadedAssets/MedievalTownExteriors/Prefabs/Rock_a.prefab
  artifactKey: Guid(6dae62de16c1a7948957ecb3f97cb911) Importer(815301076,1909f56bfc062723c751e8b465ee728b)
Start importing Assets/DownloadedAssets/MedievalTownExteriors/Prefabs/Rock_a.prefab using Guid(6dae62de16c1a7948957ecb3f97cb911) Importer(815301076,1909f56bfc062723c751e8b465ee728b)  -> (artifact id: 'a7a2833ef1ca80f3ac5ad4a65bd0b5ed') in 0.006571 seconds 
========================================================================
Received Import Request.
  Time since last request: 0.000020 seconds.
  path: Assets/DownloadedAssets/MedievalTownExteriors/Prefabs/Rock_e.prefab
  artifactKey: Guid(1d5cfa24a2d63824f8635403a99c423c) Importer(815301076,1909f56bfc062723c751e8b465ee728b)
Start importing Assets/DownloadedAssets/MedievalTownExteriors/Prefabs/Rock_e.prefab using Guid(1d5cfa24a2d63824f8635403a99c423c) Importer(815301076,1909f56bfc062723c751e8b465ee728b)  -> (artifact id: '88c98cdf4b5f3139988530ed17d51184') in 0.006224 seconds 
========================================================================
Received Import Request.
  Time since last request: 0.000017 seconds.
  path: Assets/DownloadedAssets/MedievalTownExteriors/Prefabs/Tent.prefab
  artifactKey: Guid(61fb7c015a745ea42900f99f6f123343) Importer(815301076,1909f56bfc062723c751e8b465ee728b)
Start importing Assets/DownloadedAssets/MedievalTownExteriors/Prefabs/Tent.prefab using Guid(61fb7c015a745ea42900f99f6f123343) Importer(815301076,1909f56bfc062723c751e8b465ee728b)  -> (artifact id: 'e290bf0b4793b7c63d2ecc7b03011766') in 0.005693 seconds 
========================================================================
Received Import Request.
  Time since last request: 0.000019 seconds.
  path: Assets/DownloadedAssets/MedievalTownExteriors/Prefabs/Lantern.prefab
  artifactKey: Guid(4c1598ecae5595b43a9d6af2b80aca62) Importer(815301076,1909f56bfc062723c751e8b465ee728b)
Start importing Assets/DownloadedAssets/MedievalTownExteriors/Prefabs/Lantern.prefab using Guid(4c1598ecae5595b43a9d6af2b80aca62) Importer(815301076,1909f56bfc062723c751e8b465ee728b)  -> (artifact id: '775cbb1d9f2cb25dadaae3de47b570cf') in 0.006157 seconds 
========================================================================
Received Import Request.
  Time since last request: 0.000017 seconds.
  path: Assets/DownloadedAssets/MedievalTownExteriors/Prefabs/Building_e.prefab
  artifactKey: Guid(b446cb707004e444d8324ec6f1c8888b) Importer(815301076,1909f56bfc062723c751e8b465ee728b)
Start importing Assets/DownloadedAssets/MedievalTownExteriors/Prefabs/Building_e.prefab using Guid(b446cb707004e444d8324ec6f1c8888b) Importer(815301076,1909f56bfc062723c751e8b465ee728b)  -> (artifact id: '627196b6db9df33ed6bc7e190bb3ae21') in 0.006696 seconds 
========================================================================
Received Import Request.
  Time since last request: 0.000020 seconds.
  path: Assets/DownloadedAssets/MedievalTownExteriors/Prefabs/Lantern_post.prefab
  artifactKey: Guid(019569278ee343c4e950e1f9afe6ec4f) Importer(815301076,1909f56bfc062723c751e8b465ee728b)
Start importing Assets/DownloadedAssets/MedievalTownExteriors/Prefabs/Lantern_post.prefab using Guid(019569278ee343c4e950e1f9afe6ec4f) Importer(815301076,1909f56bfc062723c751e8b465ee728b)  -> (artifact id: 'b3653f15e536faf48e3a9e88b530cf29') in 0.005735 seconds 
========================================================================
Received Import Request.
  Time since last request: 0.000020 seconds.
  path: Assets/DownloadedAssets/MedievalTownExteriors/Prefabs/Rock_c.prefab
  artifactKey: Guid(6cec304f27f918d44b808e7706ea004d) Importer(815301076,1909f56bfc062723c751e8b465ee728b)
Start importing Assets/DownloadedAssets/MedievalTownExteriors/Prefabs/Rock_c.prefab using Guid(6cec304f27f918d44b808e7706ea004d) Importer(815301076,1909f56bfc062723c751e8b465ee728b)  -> (artifact id: '571d9251c417e9000bf0547a8369a56c') in 0.005960 seconds 
========================================================================
Received Import Request.
  Time since last request: 0.000019 seconds.
  path: Assets/DownloadedAssets/MedievalTownExteriors/Prefabs/Cart_b.prefab
  artifactKey: Guid(a5b31c0f3705bb44d8ad2d28adacc898) Importer(815301076,1909f56bfc062723c751e8b465ee728b)
Start importing Assets/DownloadedAssets/MedievalTownExteriors/Prefabs/Cart_b.prefab using Guid(a5b31c0f3705bb44d8ad2d28adacc898) Importer(815301076,1909f56bfc062723c751e8b465ee728b)  -> (artifact id: 'b23f3da8047a8acc831eb3342a327924') in 0.006222 seconds 
========================================================================
Received Import Request.
  Time since last request: 0.000018 seconds.
  path: Assets/DownloadedAssets/MedievalTownExteriors/Prefabs/Grass.prefab
  artifactKey: Guid(471c1eb32c770a54ea8a1c3ffbda1de6) Importer(815301076,1909f56bfc062723c751e8b465ee728b)
Start importing Assets/DownloadedAssets/MedievalTownExteriors/Prefabs/Grass.prefab using Guid(471c1eb32c770a54ea8a1c3ffbda1de6) Importer(815301076,1909f56bfc062723c751e8b465ee728b)  -> (artifact id: '485099b06bbf6fdcadbe492104a9b651') in 0.005493 seconds 
========================================================================
Received Import Request.
  Time since last request: 0.000017 seconds.
  path: Assets/DownloadedAssets/MedievalTownExteriors/Prefabs/Fence_a.prefab
  artifactKey: Guid(950c0a0cf14577549b026c95956a3c99) Importer(815301076,1909f56bfc062723c751e8b465ee728b)
Start importing Assets/DownloadedAssets/MedievalTownExteriors/Prefabs/Fence_a.prefab using Guid(950c0a0cf14577549b026c95956a3c99) Importer(815301076,1909f56bfc062723c751e8b465ee728b)  -> (artifact id: 'a3684df5388b88c29496e7a661253e48') in 0.006779 seconds 
========================================================================
Received Import Request.
  Time since last request: 0.000018 seconds.
  path: Assets/DownloadedAssets/MedievalTownExteriors/Prefabs/Sign_a.prefab
  artifactKey: Guid(b2e054983935ebc4c959a2513ac649dc) Importer(815301076,1909f56bfc062723c751e8b465ee728b)
Start importing Assets/DownloadedAssets/MedievalTownExteriors/Prefabs/Sign_a.prefab using Guid(b2e054983935ebc4c959a2513ac649dc) Importer(815301076,1909f56bfc062723c751e8b465ee728b)  -> (artifact id: 'f27c31c6e038d790ead830194242bdf3') in 0.005828 seconds 
========================================================================
Received Import Request.
  Time since last request: 0.000022 seconds.
  path: Assets/DownloadedAssets/MedievalTownExteriors/Prefabs/Rock_d.prefab
  artifactKey: Guid(5b1f42b67720e0a448cd645f5eb8395d) Importer(815301076,1909f56bfc062723c751e8b465ee728b)
Start importing Assets/DownloadedAssets/MedievalTownExteriors/Prefabs/Rock_d.prefab using Guid(5b1f42b67720e0a448cd645f5eb8395d) Importer(815301076,1909f56bfc062723c751e8b465ee728b)  -> (artifact id: '1f00844c026ea473f5c310a994e4f7dd') in 0.005333 seconds 
========================================================================
Received Import Request.
  Time since last request: 0.000025 seconds.
  path: Assets/DownloadedAssets/MedievalTownExteriors/Prefabs/Sign_d.prefab
  artifactKey: Guid(6fc58950172822847ade368b03b7d4dd) Importer(815301076,1909f56bfc062723c751e8b465ee728b)
Start importing Assets/DownloadedAssets/MedievalTownExteriors/Prefabs/Sign_d.prefab using Guid(6fc58950172822847ade368b03b7d4dd) Importer(815301076,1909f56bfc062723c751e8b465ee728b)  -> (artifact id: 'b3f1bddd572ae7946c76f84268488629') in 0.006182 seconds 
========================================================================
Received Import Request.
  Time since last request: 0.000023 seconds.
  path: Assets/DownloadedAssets/MedievalTownExteriors/Prefabs/Food_b.prefab
  artifactKey: Guid(43972cadef1914d4f81ad6e4d8678cd1) Importer(815301076,1909f56bfc062723c751e8b465ee728b)
Start importing Assets/DownloadedAssets/MedievalTownExteriors/Prefabs/Food_b.prefab using Guid(43972cadef1914d4f81ad6e4d8678cd1) Importer(815301076,1909f56bfc062723c751e8b465ee728b)  -> (artifact id: '564efc4fd6c159917d6b7bb5724f6743') in 0.006183 seconds 
========================================================================
Received Import Request.
  Time since last request: 0.000015 seconds.
  path: Assets/DownloadedAssets/MedievalTownExteriors/Prefabs/Cart_Wheel_b.prefab
  artifactKey: Guid(acd706c9351b77a4c80570beb022be19) Importer(815301076,1909f56bfc062723c751e8b465ee728b)
Start importing Assets/DownloadedAssets/MedievalTownExteriors/Prefabs/Cart_Wheel_b.prefab using Guid(acd706c9351b77a4c80570beb022be19) Importer(815301076,1909f56bfc062723c751e8b465ee728b)  -> (artifact id: '5cc4cb64f057818f046d015812f03d52') in 0.005903 seconds 
========================================================================
Received Import Request.
  Time since last request: 0.000018 seconds.
  path: Assets/DownloadedAssets/MedievalTownExteriors/Prefabs/Sign_b.prefab
  artifactKey: Guid(223e0df8f9757ad4cb1af233c8c05c26) Importer(815301076,1909f56bfc062723c751e8b465ee728b)
Start importing Assets/DownloadedAssets/MedievalTownExteriors/Prefabs/Sign_b.prefab using Guid(223e0df8f9757ad4cb1af233c8c05c26) Importer(815301076,1909f56bfc062723c751e8b465ee728b)  -> (artifact id: '77aa5e1dd970abb55d0a86bce4d570c0') in 0.005697 seconds 
========================================================================
Received Import Request.
  Time since last request: 0.000023 seconds.
  path: Assets/DownloadedAssets/MedievalTownExteriors/Prefabs/Building_c.prefab
  artifactKey: Guid(155108fff53c29e45ba3c3bb0c40e6bf) Importer(815301076,1909f56bfc062723c751e8b465ee728b)
Start importing Assets/DownloadedAssets/MedievalTownExteriors/Prefabs/Building_c.prefab using Guid(155108fff53c29e45ba3c3bb0c40e6bf) Importer(815301076,1909f56bfc062723c751e8b465ee728b)  -> (artifact id: '732ee4c5b1f7964102beb8b8a8879856') in 0.006310 seconds 
========================================================================
Received Import Request.
  Time since last request: 0.000021 seconds.
  path: Assets/DownloadedAssets/MedievalTownExteriors/Prefabs/Bucket.prefab
  artifactKey: Guid(f7967af397df22847975f89c8e017716) Importer(815301076,1909f56bfc062723c751e8b465ee728b)
Start importing Assets/DownloadedAssets/MedievalTownExteriors/Prefabs/Bucket.prefab using Guid(f7967af397df22847975f89c8e017716) Importer(815301076,1909f56bfc062723c751e8b465ee728b)  -> (artifact id: 'b23b93c960eb84abc11e22b012ecb61b') in 0.005882 seconds 
========================================================================
Received Import Request.
  Time since last request: 0.000015 seconds.
  path: Assets/DownloadedAssets/MedievalTownExteriors/Prefabs/Crate.prefab
  artifactKey: Guid(abf604235fd5ccd4798c42e6b60b0ae4) Importer(815301076,1909f56bfc062723c751e8b465ee728b)
Start importing Assets/DownloadedAssets/MedievalTownExteriors/Prefabs/Crate.prefab using Guid(abf604235fd5ccd4798c42e6b60b0ae4) Importer(815301076,1909f56bfc062723c751e8b465ee728b)  -> (artifact id: '7e9cbf50cda8f97f82d88d2a23b1379d') in 0.005673 seconds 
========================================================================
Received Import Request.
  Time since last request: 0.000018 seconds.
  path: Assets/DownloadedAssets/MedievalTownExteriors/Prefabs/Cart_Wheel_a.prefab
  artifactKey: Guid(ffd08d298f9a9e44e9dd936fb4e3a38e) Importer(815301076,1909f56bfc062723c751e8b465ee728b)
Start importing Assets/DownloadedAssets/MedievalTownExteriors/Prefabs/Cart_Wheel_a.prefab using Guid(ffd08d298f9a9e44e9dd936fb4e3a38e) Importer(815301076,1909f56bfc062723c751e8b465ee728b)  -> (artifact id: '556c0f953c0fb6d5d7fb57950ad7d911') in 0.005325 seconds 
========================================================================
Received Import Request.
  Time since last request: 0.000016 seconds.
  path: Assets/DownloadedAssets/MedievalTownExteriors/Prefabs/Logs_b.prefab
  artifactKey: Guid(737f000fba6aa60458d3ec61cb22fcc3) Importer(815301076,1909f56bfc062723c751e8b465ee728b)
Start importing Assets/DownloadedAssets/MedievalTownExteriors/Prefabs/Logs_b.prefab using Guid(737f000fba6aa60458d3ec61cb22fcc3) Importer(815301076,1909f56bfc062723c751e8b465ee728b)  -> (artifact id: '689df472223a13ac98964dfac6f48521') in 0.005653 seconds 
========================================================================
Received Import Request.
  Time since last request: 0.000016 seconds.
  path: Assets/DownloadedAssets/MedievalTownExteriors/Prefabs/Rock_b.prefab
  artifactKey: Guid(7d68ef85b5774b8409ac6d158e5a7709) Importer(815301076,1909f56bfc062723c751e8b465ee728b)
Start importing Assets/DownloadedAssets/MedievalTownExteriors/Prefabs/Rock_b.prefab using Guid(7d68ef85b5774b8409ac6d158e5a7709) Importer(815301076,1909f56bfc062723c751e8b465ee728b)  -> (artifact id: '22e3afcef375d82016ff56fabcf3793e') in 0.005485 seconds 
========================================================================
Received Import Request.
  Time since last request: 0.000023 seconds.
  path: Assets/DownloadedAssets/MedievalTownExteriors/Prefabs/Sewers_entrance.prefab
  artifactKey: Guid(52cc4ec3b3374c84aa98b19ab8b33e2a) Importer(815301076,1909f56bfc062723c751e8b465ee728b)
Start importing Assets/DownloadedAssets/MedievalTownExteriors/Prefabs/Sewers_entrance.prefab using Guid(52cc4ec3b3374c84aa98b19ab8b33e2a) Importer(815301076,1909f56bfc062723c751e8b465ee728b)  -> (artifact id: '5f61963c3540860412388bbb56b0afba') in 0.005888 seconds 
========================================================================
Received Import Request.
  Time since last request: 6.491513 seconds.
  path: Assets/DownloadedAssets/MedievalTownExteriors/Scenes
  artifactKey: Guid(1bdbcb354a78a6d40b4a11cab9bae8db) Importer(815301076,1909f56bfc062723c751e8b465ee728b)
Start importing Assets/DownloadedAssets/MedievalTownExteriors/Scenes using Guid(1bdbcb354a78a6d40b4a11cab9bae8db) Importer(815301076,1909f56bfc062723c751e8b465ee728b)  -> (artifact id: 'eebd2cba2c75f630492762ed8a34a622') in 0.000759 seconds 
========================================================================
Received Import Request.
  Time since last request: 3.284257 seconds.
  path: Assets/DownloadedAssets/MedievalTownExteriors/Terrain
  artifactKey: Guid(e19b8c444f4cee641b57d6b08489c906) Importer(815301076,1909f56bfc062723c751e8b465ee728b)
Start importing Assets/DownloadedAssets/MedievalTownExteriors/Terrain using Guid(e19b8c444f4cee641b57d6b08489c906) Importer(815301076,1909f56bfc062723c751e8b465ee728b)  -> (artifact id: 'b2e6c97e0d708d37169eae8257f19888') in 0.000798 seconds 
========================================================================
Received Import Request.
  Time since last request: 2.269187 seconds.
  path: Assets/DownloadedAssets/MedievalTownExteriors/_TerrainAutoUpgrade
  artifactKey: Guid(8303fd627e00dca4994b960ef2dde046) Importer(815301076,1909f56bfc062723c751e8b465ee728b)
Start importing Assets/DownloadedAssets/MedievalTownExteriors/_TerrainAutoUpgrade using Guid(8303fd627e00dca4994b960ef2dde046) Importer(815301076,1909f56bfc062723c751e8b465ee728b)  -> (artifact id: '6660cc5c6e6900be24fbf667fcc118fe') in 0.000747 seconds 
========================================================================
Received Import Request.
  Time since last request: 0.341664 seconds.
  path: Assets/DownloadedAssets/MedievalTownExteriors/Materials
  artifactKey: Guid(ee4d6d6e7792a804199c103b3a9a60fd) Importer(815301076,1909f56bfc062723c751e8b465ee728b)
Start importing Assets/DownloadedAssets/MedievalTownExteriors/Materials using Guid(ee4d6d6e7792a804199c103b3a9a60fd) Importer(815301076,1909f56bfc062723c751e8b465ee728b)  -> (artifact id: '5277478135d560b0304e547d4f0c1c04') in 0.000820 seconds 
